<?xml version="1.0" encoding="UTF-8"?>
<testsuite xmlns:xsi="http://www.w3.org/2001/XMLSchema-instance" xsi:noNamespaceSchemaLocation="https://maven.apache.org/surefire/maven-surefire-plugin/xsd/surefire-test-report.xsd" version="3.0.2" name="com.syskan.gateway.ApiGatewayApplicationTests" time="9.57" tests="1" errors="0" skipped="0" failures="0">
  <properties>
[...]
</properties>
  <testcase name="contextLoads" classname="com.syskan.gateway.ApiGatewayApplicationTests" time="1.292">
    <system-out><![CDATA[15:29:49.984 [main] INFO org.springframework.test.context.support.AnnotationConfigContextLoaderUtils -- Could not detect default configuration classes for test class [com.syskan.gateway.ApiGatewayApplicationTests]: ApiGatewayApplicationTests does not declare any static, non-private, non-final, nested classes annotated with @Configuration.
15:29:50.277 [main] INFO org.springframework.boot.test.context.SpringBootTestContextBootstrapper -- Found @SpringBootConfiguration com.syskan.gateway.ApiGatewayApplication for test class com.syskan.gateway.ApiGatewayApplicationTests
15:29:51.256 [main] INFO org.springframework.boot.devtools.restart.RestartApplicationListener -- Restart disabled due to context in which it is running

  .   ____          _            __ _ _
 /\\ / ___'_ __ _ _(_)_ __  __ _ \ \ \ \
( ( )\___ | '_ | '_| | '_ \/ _` | \ \ \ \
 \\/  ___)| |_)| | | | | || (_| |  ) ) ) )
  '  |____| .__|_| |_|_| |_\__, | / / / /
 =========|_|==============|___/=/_/_/_/

 :: Spring Boot ::                (v3.4.1)

2025-01-13T15:29:52.387+05:30  INFO 16604 --- [api-gateway] [           main] c.s.gateway.ApiGatewayApplicationTests   : Starting ApiGatewayApplicationTests using Java 17.0.12 with PID 16604 (started by syska in D:\Trainings\2024\PS Dec 2024\Codes\STSWS1\api-gateway)
2025-01-13T15:29:52.390+05:30  INFO 16604 --- [api-gateway] [           main] c.s.gateway.ApiGatewayApplicationTests   : No active profile set, falling back to 1 default profile: "default"
2025-01-13T15:29:54.300+05:30  INFO 16604 --- [api-gateway] [           main] o.s.cloud.context.scope.GenericScope     : BeanFactory id=f6954dc7-338d-3969-8642-431d605a78af
2025-01-13T15:29:56.028+05:30  INFO 16604 --- [api-gateway] [           main] o.s.c.g.r.RouteDefinitionRouteLocator    : Loaded RoutePredicateFactory [After]
2025-01-13T15:29:56.029+05:30  INFO 16604 --- [api-gateway] [           main] o.s.c.g.r.RouteDefinitionRouteLocator    : Loaded RoutePredicateFactory [Before]
2025-01-13T15:29:56.029+05:30  INFO 16604 --- [api-gateway] [           main] o.s.c.g.r.RouteDefinitionRouteLocator    : Loaded RoutePredicateFactory [Between]
2025-01-13T15:29:56.029+05:30  INFO 16604 --- [api-gateway] [           main] o.s.c.g.r.RouteDefinitionRouteLocator    : Loaded RoutePredicateFactory [Cookie]
2025-01-13T15:29:56.029+05:30  INFO 16604 --- [api-gateway] [           main] o.s.c.g.r.RouteDefinitionRouteLocator    : Loaded RoutePredicateFactory [Header]
2025-01-13T15:29:56.029+05:30  INFO 16604 --- [api-gateway] [           main] o.s.c.g.r.RouteDefinitionRouteLocator    : Loaded RoutePredicateFactory [Host]
2025-01-13T15:29:56.029+05:30  INFO 16604 --- [api-gateway] [           main] o.s.c.g.r.RouteDefinitionRouteLocator    : Loaded RoutePredicateFactory [Method]
2025-01-13T15:29:56.030+05:30  INFO 16604 --- [api-gateway] [           main] o.s.c.g.r.RouteDefinitionRouteLocator    : Loaded RoutePredicateFactory [Path]
2025-01-13T15:29:56.030+05:30  INFO 16604 --- [api-gateway] [           main] o.s.c.g.r.RouteDefinitionRouteLocator    : Loaded RoutePredicateFactory [Query]
2025-01-13T15:29:56.030+05:30  INFO 16604 --- [api-gateway] [           main] o.s.c.g.r.RouteDefinitionRouteLocator    : Loaded RoutePredicateFactory [ReadBody]
2025-01-13T15:29:56.030+05:30  INFO 16604 --- [api-gateway] [           main] o.s.c.g.r.RouteDefinitionRouteLocator    : Loaded RoutePredicateFactory [RemoteAddr]
2025-01-13T15:29:56.030+05:30  INFO 16604 --- [api-gateway] [           main] o.s.c.g.r.RouteDefinitionRouteLocator    : Loaded RoutePredicateFactory [XForwardedRemoteAddr]
2025-01-13T15:29:56.030+05:30  INFO 16604 --- [api-gateway] [           main] o.s.c.g.r.RouteDefinitionRouteLocator    : Loaded RoutePredicateFactory [Weight]
2025-01-13T15:29:56.030+05:30  INFO 16604 --- [api-gateway] [           main] o.s.c.g.r.RouteDefinitionRouteLocator    : Loaded RoutePredicateFactory [CloudFoundryRouteService]
2025-01-13T15:29:56.648+05:30  INFO 16604 --- [api-gateway] [           main] DiscoveryClientOptionalArgsConfiguration : Eureka HTTP Client uses RestTemplate.
2025-01-13T15:29:56.981+05:30  WARN 16604 --- [api-gateway] [           main] iguration$LoadBalancerCaffeineWarnLogger : Spring Cloud LoadBalancer is currently working with the default cache. While this cache implementation is useful for development and tests, it's recommended to use Caffeine cache in production.You can switch to using Caffeine cache, by adding it and org.springframework.cache.caffeine.CaffeineCacheManager to the classpath.
2025-01-13T15:29:57.043+05:30  INFO 16604 --- [api-gateway] [           main] o.s.c.n.eureka.InstanceInfoFactory       : Setting initial instance status as: STARTING
2025-01-13T15:29:57.083+05:30  INFO 16604 --- [api-gateway] [           main] com.netflix.discovery.DiscoveryClient    : Initializing Eureka in region us-east-1
2025-01-13T15:29:57.095+05:30  INFO 16604 --- [api-gateway] [           main] c.n.d.s.r.aws.ConfigClusterResolver      : Resolving eureka endpoints via configuration
2025-01-13T15:29:57.115+05:30  INFO 16604 --- [api-gateway] [           main] com.netflix.discovery.DiscoveryClient    : Disable delta property : false
2025-01-13T15:29:57.116+05:30  INFO 16604 --- [api-gateway] [           main] com.netflix.discovery.DiscoveryClient    : Single vip registry refresh property : null
2025-01-13T15:29:57.116+05:30  INFO 16604 --- [api-gateway] [           main] com.netflix.discovery.DiscoveryClient    : Force full registry fetch : false
2025-01-13T15:29:57.116+05:30  INFO 16604 --- [api-gateway] [           main] com.netflix.discovery.DiscoveryClient    : Application is null : false
2025-01-13T15:29:57.116+05:30  INFO 16604 --- [api-gateway] [           main] com.netflix.discovery.DiscoveryClient    : Registered Applications size is zero : true
2025-01-13T15:29:57.116+05:30  INFO 16604 --- [api-gateway] [           main] com.netflix.discovery.DiscoveryClient    : Application version is -1: true
2025-01-13T15:29:57.117+05:30  INFO 16604 --- [api-gateway] [           main] com.netflix.discovery.DiscoveryClient    : Getting all instance registry info from the eureka server
2025-01-13T15:29:57.747+05:30  INFO 16604 --- [api-gateway] [           main] com.netflix.discovery.DiscoveryClient    : The response status is 200
2025-01-13T15:29:57.751+05:30  INFO 16604 --- [api-gateway] [           main] com.netflix.discovery.DiscoveryClient    : Starting heartbeat executor: renew interval is: 30
2025-01-13T15:29:57.756+05:30  INFO 16604 --- [api-gateway] [           main] c.n.discovery.InstanceInfoReplicator     : InstanceInfoReplicator onDemand update allowed rate per min is 4
2025-01-13T15:29:57.759+05:30  INFO 16604 --- [api-gateway] [           main] com.netflix.discovery.DiscoveryClient    : Discovery Client initialized at timestamp 1736762397758 with initial instances count: 4
2025-01-13T15:29:57.767+05:30  INFO 16604 --- [api-gateway] [           main] o.s.c.n.e.s.EurekaServiceRegistry        : Registering application API-GATEWAY with eureka with status UP
2025-01-13T15:29:57.768+05:30  INFO 16604 --- [api-gateway] [           main] com.netflix.discovery.DiscoveryClient    : Saw local status change event StatusChangeEvent [timestamp=1736762397768, current=UP, previous=STARTING]
2025-01-13T15:29:57.771+05:30  INFO 16604 --- [api-gateway] [foReplicator-%d] com.netflix.discovery.DiscoveryClient    : DiscoveryClient_API-GATEWAY/10.150.216.91:api-gateway:8082: registering service...
2025-01-13T15:29:57.835+05:30  INFO 16604 --- [api-gateway] [foReplicator-%d] com.netflix.discovery.DiscoveryClient    : DiscoveryClient_API-GATEWAY/10.150.216.91:api-gateway:8082 - registration status: 204
2025-01-13T15:29:57.845+05:30  INFO 16604 --- [api-gateway] [           main] c.s.gateway.ApiGatewayApplicationTests   : Started ApiGatewayApplicationTests in 6.643 seconds (process running for 9.507)
]]></system-out>
  </testcase>
</testsuite>